{"name": "测试登录正常", "status": "broken", "statusDetails": {"message": "selenium.common.exceptions.TimeoutException: Message:", "trace": "self = <Testcases.pc.test_2buy.TestLogin object at 0x0000000004DCAF60>\nopen_url1 = <selenium.webdriver.chrome.webdriver.WebDriver (session=\"bacb221b75bd196bcf4f8bf53f349837\")>\n\n    @pytest.mark.smoke\n    @allure.story('登录')\n    @allure.title('测试登录正常')\n    @allure.description('这是验证码登录的成功用例')\n    def test_login(self,open_url1):\n        try:\n            lp(open_url1).login_code(bd.login_data[\"user\"],bd.login_data[\"passwd\"])\n            time.sleep(5)\n>           assert True == ip(open_url1).login_check()\n\ntest_2buy.py:35: \n_ _ _ _ _ _ _ _ _ _ _ _ _ _ _ _ _ _ _ _ _ _ _ _ _ _ _ _ _ _ _ _ _ _ _ _ _ _ _ _\n..\\..\\PageObjects\\pc\\index_page.py:16: in login_check\n    EC.visibility_of_element_located((By.ID,'gosupplier')))\n_ _ _ _ _ _ _ _ _ _ _ _ _ _ _ _ _ _ _ _ _ _ _ _ _ _ _ _ _ _ _ _ _ _ _ _ _ _ _ _\n\nself = <selenium.webdriver.support.wait.WebDriverWait (session=\"bacb221b75bd196bcf4f8bf53f349837\")>\nmethod = <selenium.webdriver.support.expected_conditions.visibility_of_element_located object at 0x0000000004EED278>\nmessage = ''\n\n    def until(self, method, message=''):\n        \"\"\"Calls the method provided with the driver as an argument until the \\\n        return value is not False.\"\"\"\n        screen = None\n        stacktrace = None\n    \n        end_time = time.time() + self._timeout\n        while True:\n            try:\n                value = method(self._driver)\n                if value:\n                    return value\n            except self._ignored_exceptions as exc:\n                screen = getattr(exc, 'screen', None)\n                stacktrace = getattr(exc, 'stacktrace', None)\n            time.sleep(self._poll)\n            if time.time() > end_time:\n                break\n>       raise TimeoutException(message, screen, stacktrace)\nE       selenium.common.exceptions.TimeoutException: Message:\n\nE:\\Python3\\lib\\site-packages\\selenium\\webdriver\\support\\wait.py:80: TimeoutException"}, "description": "这是验证码登录的成功用例", "steps": [{"name": "验证码登录", "status": "passed", "parameters": [{"name": "user", "value": "'17625188013'"}, {"name": "passwd", "value": "'sD2q'"}], "start": 1576260724504, "stop": 1576260725069}], "attachments": [{"name": "log", "source": "0fdd2afb-3293-4d48-8ab9-9e974ea98e76-attachment.txt", "type": "text/plain"}, {"name": "stderr", "source": "15421a38-de20-45f9-a94e-4c4273298fbd-attachment.txt", "type": "text/plain"}], "start": 1576260724504, "stop": 1576260760308, "uuid": "36bf0cf1-d47e-4786-b6a0-9fdd3eeb00ed", "historyId": "75647b0908b4775a52c31c989eb9246c", "fullName": "Testcases.pc.test_2buy.TestLogin#test_login", "labels": [{"name": "story", "value": "登录"}, {"name": "feature", "value": "每日用例-加购"}, {"name": "tag", "value": "smoke"}, {"name": "parentSuite", "value": "Testcases.pc"}, {"name": "suite", "value": "test_2buy"}, {"name": "subSuite", "value": "TestLogin"}, {"name": "host", "value": "JS-CS-002"}, {"name": "thread", "value": "18060-MainThread"}, {"name": "framework", "value": "pytest"}, {"name": "language", "value": "cpython3"}, {"name": "package", "value": "Testcases.pc.test_2buy"}]}