{
  "uid" : "249954c06172bc26",
  "name" : "测试登录正常",
  "fullName" : "Testcases.pc.test_2buy.TestLogin#test_login",
  "historyId" : "75647b0908b4775a52c31c989eb9246c",
  "time" : {
    "start" : 1576260724504,
    "stop" : 1576260760308,
    "duration" : 35804
  },
  "description" : "这是验证码登录的成功用例",
  "descriptionHtml" : "<p>这是验证码登录的成功用例</p>\n",
  "status" : "broken",
  "statusMessage" : "selenium.common.exceptions.TimeoutException: Message:",
  "statusTrace" : "self = <Testcases.pc.test_2buy.TestLogin object at 0x0000000004DCAF60>\nopen_url1 = <selenium.webdriver.chrome.webdriver.WebDriver (session=\"bacb221b75bd196bcf4f8bf53f349837\")>\n\n    @pytest.mark.smoke\n    @allure.story('登录')\n    @allure.title('测试登录正常')\n    @allure.description('这是验证码登录的成功用例')\n    def test_login(self,open_url1):\n        try:\n            lp(open_url1).login_code(bd.login_data[\"user\"],bd.login_data[\"passwd\"])\n            time.sleep(5)\n>           assert True == ip(open_url1).login_check()\n\ntest_2buy.py:35: \n_ _ _ _ _ _ _ _ _ _ _ _ _ _ _ _ _ _ _ _ _ _ _ _ _ _ _ _ _ _ _ _ _ _ _ _ _ _ _ _\n..\\..\\PageObjects\\pc\\index_page.py:16: in login_check\n    EC.visibility_of_element_located((By.ID,'gosupplier')))\n_ _ _ _ _ _ _ _ _ _ _ _ _ _ _ _ _ _ _ _ _ _ _ _ _ _ _ _ _ _ _ _ _ _ _ _ _ _ _ _\n\nself = <selenium.webdriver.support.wait.WebDriverWait (session=\"bacb221b75bd196bcf4f8bf53f349837\")>\nmethod = <selenium.webdriver.support.expected_conditions.visibility_of_element_located object at 0x0000000004EED278>\nmessage = ''\n\n    def until(self, method, message=''):\n        \"\"\"Calls the method provided with the driver as an argument until the \\\n        return value is not False.\"\"\"\n        screen = None\n        stacktrace = None\n    \n        end_time = time.time() + self._timeout\n        while True:\n            try:\n                value = method(self._driver)\n                if value:\n                    return value\n            except self._ignored_exceptions as exc:\n                screen = getattr(exc, 'screen', None)\n                stacktrace = getattr(exc, 'stacktrace', None)\n            time.sleep(self._poll)\n            if time.time() > end_time:\n                break\n>       raise TimeoutException(message, screen, stacktrace)\nE       selenium.common.exceptions.TimeoutException: Message:\n\nE:\\Python3\\lib\\site-packages\\selenium\\webdriver\\support\\wait.py:80: TimeoutException",
  "flaky" : false,
  "newFailed" : false,
  "beforeStages" : [ {
    "name" : "session_action",
    "time" : {
      "start" : 1576260682368,
      "stop" : 1576260682370,
      "duration" : 2
    },
    "status" : "passed",
    "steps" : [ ],
    "attachments" : [ ],
    "parameters" : [ ],
    "attachmentsCount" : 0,
    "shouldDisplayMessage" : false,
    "stepsCount" : 0,
    "hasContent" : false
  }, {
    "name" : "open_url1",
    "time" : {
      "start" : 1576260717094,
      "stop" : 1576260724503,
      "duration" : 7409
    },
    "status" : "passed",
    "steps" : [ ],
    "attachments" : [ ],
    "parameters" : [ ],
    "attachmentsCount" : 0,
    "shouldDisplayMessage" : false,
    "stepsCount" : 0,
    "hasContent" : false
  } ],
  "testStage" : {
    "description" : "这是验证码登录的成功用例",
    "status" : "broken",
    "statusMessage" : "selenium.common.exceptions.TimeoutException: Message:",
    "statusTrace" : "self = <Testcases.pc.test_2buy.TestLogin object at 0x0000000004DCAF60>\nopen_url1 = <selenium.webdriver.chrome.webdriver.WebDriver (session=\"bacb221b75bd196bcf4f8bf53f349837\")>\n\n    @pytest.mark.smoke\n    @allure.story('登录')\n    @allure.title('测试登录正常')\n    @allure.description('这是验证码登录的成功用例')\n    def test_login(self,open_url1):\n        try:\n            lp(open_url1).login_code(bd.login_data[\"user\"],bd.login_data[\"passwd\"])\n            time.sleep(5)\n>           assert True == ip(open_url1).login_check()\n\ntest_2buy.py:35: \n_ _ _ _ _ _ _ _ _ _ _ _ _ _ _ _ _ _ _ _ _ _ _ _ _ _ _ _ _ _ _ _ _ _ _ _ _ _ _ _\n..\\..\\PageObjects\\pc\\index_page.py:16: in login_check\n    EC.visibility_of_element_located((By.ID,'gosupplier')))\n_ _ _ _ _ _ _ _ _ _ _ _ _ _ _ _ _ _ _ _ _ _ _ _ _ _ _ _ _ _ _ _ _ _ _ _ _ _ _ _\n\nself = <selenium.webdriver.support.wait.WebDriverWait (session=\"bacb221b75bd196bcf4f8bf53f349837\")>\nmethod = <selenium.webdriver.support.expected_conditions.visibility_of_element_located object at 0x0000000004EED278>\nmessage = ''\n\n    def until(self, method, message=''):\n        \"\"\"Calls the method provided with the driver as an argument until the \\\n        return value is not False.\"\"\"\n        screen = None\n        stacktrace = None\n    \n        end_time = time.time() + self._timeout\n        while True:\n            try:\n                value = method(self._driver)\n                if value:\n                    return value\n            except self._ignored_exceptions as exc:\n                screen = getattr(exc, 'screen', None)\n                stacktrace = getattr(exc, 'stacktrace', None)\n            time.sleep(self._poll)\n            if time.time() > end_time:\n                break\n>       raise TimeoutException(message, screen, stacktrace)\nE       selenium.common.exceptions.TimeoutException: Message:\n\nE:\\Python3\\lib\\site-packages\\selenium\\webdriver\\support\\wait.py:80: TimeoutException",
    "steps" : [ {
      "name" : "验证码登录",
      "time" : {
        "start" : 1576260724504,
        "stop" : 1576260725069,
        "duration" : 565
      },
      "status" : "passed",
      "steps" : [ ],
      "attachments" : [ ],
      "parameters" : [ {
        "name" : "user",
        "value" : "'17625188013'"
      }, {
        "name" : "passwd",
        "value" : "'sD2q'"
      } ],
      "attachmentsCount" : 0,
      "shouldDisplayMessage" : false,
      "stepsCount" : 0,
      "hasContent" : true
    } ],
    "attachments" : [ {
      "uid" : "7717cb3a11ff4645",
      "name" : "log",
      "source" : "7717cb3a11ff4645.txt",
      "type" : "text/plain",
      "size" : 1559
    }, {
      "uid" : "a8b006a1c1b29db2",
      "name" : "stderr",
      "source" : "a8b006a1c1b29db2.txt",
      "type" : "text/plain",
      "size" : 1963
    } ],
    "parameters" : [ ],
    "attachmentsCount" : 2,
    "shouldDisplayMessage" : true,
    "stepsCount" : 1,
    "hasContent" : true
  },
  "afterStages" : [ {
    "name" : "session_action::0",
    "time" : {
      "start" : 1576260982597,
      "stop" : 1576260982597,
      "duration" : 0
    },
    "status" : "passed",
    "steps" : [ ],
    "attachments" : [ ],
    "parameters" : [ ],
    "attachmentsCount" : 0,
    "shouldDisplayMessage" : false,
    "stepsCount" : 0,
    "hasContent" : false
  }, {
    "name" : "open_url1::0",
    "time" : {
      "start" : 1576260979448,
      "stop" : 1576260982581,
      "duration" : 3133
    },
    "status" : "passed",
    "steps" : [ ],
    "attachments" : [ ],
    "parameters" : [ ],
    "attachmentsCount" : 0,
    "shouldDisplayMessage" : false,
    "stepsCount" : 0,
    "hasContent" : false
  } ],
  "labels" : [ {
    "name" : "story",
    "value" : "登录"
  }, {
    "name" : "feature",
    "value" : "每日用例-加购"
  }, {
    "name" : "tag",
    "value" : "smoke"
  }, {
    "name" : "parentSuite",
    "value" : "Testcases.pc"
  }, {
    "name" : "suite",
    "value" : "test_2buy"
  }, {
    "name" : "subSuite",
    "value" : "TestLogin"
  }, {
    "name" : "host",
    "value" : "JS-CS-002"
  }, {
    "name" : "thread",
    "value" : "18060-MainThread"
  }, {
    "name" : "framework",
    "value" : "pytest"
  }, {
    "name" : "language",
    "value" : "cpython3"
  }, {
    "name" : "package",
    "value" : "Testcases.pc.test_2buy"
  }, {
    "name" : "resultFormat",
    "value" : "allure2"
  } ],
  "parameters" : [ ],
  "links" : [ ],
  "hidden" : true,
  "retry" : true,
  "extra" : {
    "categories" : [ ],
    "tags" : [ "smoke" ]
  },
  "source" : "249954c06172bc26.json",
  "parameterValues" : [ ]
}